  Origem.cpp
C:\Users\Usuario\Desktop\USP\Livros\Tópicos\Exercícios\Project1\Origem.cpp(16,11): error C2131: a expressão não foi avaliada como uma constante
C:\Users\Usuario\Desktop\USP\Livros\Tópicos\Exercícios\Project1\Origem.cpp(16,11): message : falha causada por uma leitura de uma variável fora de seu tempo de vida
C:\Users\Usuario\Desktop\USP\Livros\Tópicos\Exercícios\Project1\Origem.cpp(16,11): message : consulte uso de "%*"
C:\Users\Usuario\Desktop\USP\Livros\Tópicos\Exercícios\Project1\Origem.cpp(16,17): error C2131: a expressão não foi avaliada como uma constante
C:\Users\Usuario\Desktop\USP\Livros\Tópicos\Exercícios\Project1\Origem.cpp(16,17): message : falha causada por uma leitura de uma variável fora de seu tempo de vida
C:\Users\Usuario\Desktop\USP\Livros\Tópicos\Exercícios\Project1\Origem.cpp(16,17): message : consulte uso de "%*"
C:\Users\Usuario\Desktop\USP\Livros\Tópicos\Exercícios\Project1\Origem.cpp(19,8): warning C4552: '>>': o resultado da expressão não é usado
C:\Users\Usuario\Desktop\USP\Livros\Tópicos\Exercícios\Project1\Origem.cpp(21,8): warning C4552: '>>': o resultado da expressão não é usado
C:\Users\Usuario\Desktop\USP\Livros\Tópicos\Exercícios\Project1\Origem.cpp(25,9): warning C4552: '<<': o resultado da expressão não é usado
C:\Users\Usuario\Desktop\USP\Livros\Tópicos\Exercícios\Project1\Origem.cpp(26,9): warning C4552: '<<': o resultado da expressão não é usado
C:\Users\Usuario\Desktop\USP\Livros\Tópicos\Exercícios\Project1\Origem.cpp(29,1): error C2601: 'somax': definições de função local são inválidas
C:\Users\Usuario\Desktop\USP\Livros\Tópicos\Exercícios\Project1\Origem.cpp(30,4): error C2065: 'sumx': identificador não declarado
C:\Users\Usuario\Desktop\USP\Livros\Tópicos\Exercícios\Project1\Origem.cpp(31,9): error C2065: 'i': identificador não declarado
C:\Users\Usuario\Desktop\USP\Livros\Tópicos\Exercícios\Project1\Origem.cpp(31,16): error C2065: 'i': identificador não declarado
C:\Users\Usuario\Desktop\USP\Livros\Tópicos\Exercícios\Project1\Origem.cpp(31,23): error C2065: 'i': identificador não declarado
C:\Users\Usuario\Desktop\USP\Livros\Tópicos\Exercícios\Project1\Origem.cpp(32,5): error C2065: 'sumx': identificador não declarado
C:\Users\Usuario\Desktop\USP\Livros\Tópicos\Exercícios\Project1\Origem.cpp(32,12): error C2065: 'sumx': identificador não declarado
C:\Users\Usuario\Desktop\USP\Livros\Tópicos\Exercícios\Project1\Origem.cpp(32,19): error C2065: 'x': identificador não declarado
C:\Users\Usuario\Desktop\USP\Livros\Tópicos\Exercícios\Project1\Origem.cpp(32,21): error C2065: 'i': identificador não declarado
C:\Users\Usuario\Desktop\USP\Livros\Tópicos\Exercícios\Project1\Origem.cpp(33,13): error C2065: 'sumx': identificador não declarado
